c:\users\john\documents\visual studio 2013\projects\sqlite-wrapper\sqlite-wrapper\debug\vc120.pdb
c:\users\john\documents\visual studio 2013\projects\sqlite-wrapper\sqlite-wrapper\debug\vc120.idb
c:\users\john\documents\visual studio 2013\projects\sqlite-wrapper\sqlite-wrapper\debug\main.nativecodeanalysis.xml
c:\users\john\documents\visual studio 2013\projects\sqlite-wrapper\sqlite-wrapper\debug\sqlite-wrapper.nativecodeanalysis.xml
c:\users\john\documents\visual studio 2013\projects\sqlite-wrapper\sqlite-wrapper\debug\sqlite-wrapper.obj
c:\users\john\documents\visual studio 2013\projects\sqlite-wrapper\sqlite-wrapper\debug\main.obj
c:\users\john\documents\visual studio 2013\projects\sqlite-wrapper\sqlite-wrapper\debug\sqlite3.nativecodeanalysis.xml
c:\users\john\documents\visual studio 2013\projects\sqlite-wrapper\sqlite-wrapper\debug\sqlite3.obj
c:\users\john\documents\visual studio 2013\projects\sqlite-wrapper\debug\sqlite-wrapper.ilk
c:\users\john\documents\visual studio 2013\projects\sqlite-wrapper\debug\sqlite-wrapper.exe
c:\users\john\documents\visual studio 2013\projects\sqlite-wrapper\debug\sqlite-wrapper.pdb
c:\users\john\documents\visual studio 2013\projects\sqlite-wrapper\sqlite-wrapper\debug\nativecodeanalysis.read.1.tlog
c:\users\john\documents\visual studio 2013\projects\sqlite-wrapper\sqlite-wrapper\debug\vc.nativecodeanalysis.all.xml
c:\users\john\documents\visual studio 2013\projects\sqlite-wrapper\debug\sqlite-wrapper.exe.lastcodeanalysissucceeded
c:\users\john\documents\visual studio 2013\projects\sqlite-wrapper\sqlite-wrapper\debug\sqlite-wrapper.tlog\cl.command.1.tlog
c:\users\john\documents\visual studio 2013\projects\sqlite-wrapper\sqlite-wrapper\debug\sqlite-wrapper.tlog\cl.read.1.tlog
c:\users\john\documents\visual studio 2013\projects\sqlite-wrapper\sqlite-wrapper\debug\sqlite-wrapper.tlog\cl.read.3.tlog
c:\users\john\documents\visual studio 2013\projects\sqlite-wrapper\sqlite-wrapper\debug\sqlite-wrapper.tlog\cl.write.1.tlog
c:\users\john\documents\visual studio 2013\projects\sqlite-wrapper\sqlite-wrapper\debug\sqlite-wrapper.tlog\link.command.1.tlog
c:\users\john\documents\visual studio 2013\projects\sqlite-wrapper\sqlite-wrapper\debug\sqlite-wrapper.tlog\link.read.1.tlog
c:\users\john\documents\visual studio 2013\projects\sqlite-wrapper\sqlite-wrapper\debug\sqlite-wrapper.tlog\link.write.1.tlog
